<?xml version="1.0" encoding="utf-8"?><testsuites name="pytest tests"><testsuite name="pytest" errors="0" failures="0" skipped="0" tests="23" time="3.005" timestamp="2026-04-28T09:11:46.334434+00:00" hostname="agent-env-bc480184-dbc0-4c27-80c8-b6a0d4537989"><testcase classname="backend.tests.backend_test.TestHealth" name="test_login_admin" time="0.276" /><testcase classname="backend.tests.backend_test.TestHealth" name="test_login_invalid" time="0.050" /><testcase classname="backend.tests.backend_test.TestLeaveRequests" name="test_create_leave_request" time="0.102" /><testcase classname="backend.tests.backend_test.TestLeaveRequests" name="test_get_pending_leaves" time="0.043" /><testcase classname="backend.tests.backend_test.TestLeaveRequests" name="test_filter_by_student" time="0.045" /><testcase classname="backend.tests.backend_test.TestLeaveRequests" name="test_approve_leave" time="0.181" /><testcase classname="backend.tests.backend_test.TestLeaveRequests" name="test_reject_leave" time="0.135" /><testcase classname="backend.tests.backend_test.TestLeaveRequests" name="test_approve_nonexistent" time="0.045" /><testcase classname="backend.tests.backend_test.TestBulkConcessions" name="test_bulk_concession_empty" time="0.045" /><testcase classname="backend.tests.backend_test.TestBulkConcessions" name="test_bulk_concession_create" time="0.090" /><testcase classname="backend.tests.backend_test.TestPromoteBulk" name="test_bulk_preview_then_commit" time="0.525" /><testcase classname="backend.tests.backend_test.TestPromoteBulk" name="test_promote_no_students" time="0.046" /><testcase classname="backend.tests.backend_test.TestPromoteBulk" name="test_promote_preview_no_students" time="0.044" /><testcase classname="backend.tests.backend_test.TestPromoteSingle" name="test_single_preview_and_commit_and_history_append" time="0.706" /><testcase classname="backend.tests.backend_test.TestPromoteSingle" name="test_single_promote_404" time="0.087" /><testcase classname="backend.tests.backend_test.TestSendReminders" name="test_send_reminders_endpoint" time="0.045" /><testcase classname="backend.tests.backend_test.TestRegression" name="test_students_list" time="0.045" /><testcase classname="backend.tests.backend_test.TestRegression" name="test_fee_types_list" time="0.047" /><testcase classname="backend.tests.backend_test.TestRegression" name="test_attendance_get" time="0.044" /><testcase classname="backend.tests.backend_test.TestRegression" name="test_homework_list" time="0.045" /><testcase classname="backend.tests.backend_test.TestRegression" name="test_expenses_list" time="0.049" /><testcase classname="backend.tests.backend_test.TestRegression" name="test_concessions_list" time="0.043" /><testcase classname="backend.tests.backend_test.TestRegression" name="test_staff_list" time="0.086" /></testsuite></testsuites>